{"level":"error"}
{"level":"error"}
{"level":"error"}
{"level":"error"}
{"level":"error"}
{"level":"error"}
{"level":"error"}
{"level":"error"}
{"level":"error"}
{"level":"error"}
{"level":"error"}
{"message":"\u001b[1m\u001b[4m\u001b[36mMongoDB connected: cluster0-shard-00-00.9iaqd.mongodb.net\u001b[39m\u001b[24m\u001b[22m","level":"info"}
{"message":"\u001b[1m\u001b[4m\u001b[36mMongoDB connected: cluster0-shard-00-00.9iaqd.mongodb.net\u001b[39m\u001b[24m\u001b[22m","level":"info"}
{"message":"\u001b[31mMongoDB failed to connect MongooseError: The `uri` parameter to `openUri()` must be a string, got \"undefined\". Make sure the first parameter to `mongoose.connect()` or `mongoose.createConnection()` is a string.\u001b[39m","level":"error"}
{"message":"\u001b[31mMongoDB failed to connect MongooseError: The `uri` parameter to `openUri()` must be a string, got \"undefined\". Make sure the first parameter to `mongoose.connect()` or `mongoose.createConnection()` is a string.\u001b[39m","level":"error"}
{"message":"\u001b[31mMongoDB failed to connect MongooseError: The `uri` parameter to `openUri()` must be a string, got \"undefined\". Make sure the first parameter to `mongoose.connect()` or `mongoose.createConnection()` is a string.\u001b[39m","level":"error"}
{"message":"\u001b[31mMongoDB failed to connect MongooseError: The `uri` parameter to `openUri()` must be a string, got \"undefined\". Make sure the first parameter to `mongoose.connect()` or `mongoose.createConnection()` is a string.\u001b[39m","level":"error"}
{"message":"\u001b[1m\u001b[4m\u001b[36mMongoDB connected: cluster0-shard-00-02.9iaqd.mongodb.net\u001b[39m\u001b[24m\u001b[22m","level":"info"}
{"message":"\u001b[1m\u001b[4m\u001b[36mMongoDB connected: cluster0-shard-00-01.9iaqd.mongodb.net\u001b[39m\u001b[24m\u001b[22m","level":"info"}
{"message":"\u001b[1m\u001b[4m\u001b[36mMongoDB connected: cluster0-shard-00-01.9iaqd.mongodb.net\u001b[39m\u001b[24m\u001b[22m","level":"info"}
{"message":"\u001b[1m\u001b[4m\u001b[36mMongoDB connected: cluster0-shard-00-02.9iaqd.mongodb.net\u001b[39m\u001b[24m\u001b[22m","level":"info"}
{"message":"\u001b[1m\u001b[4m\u001b[36mMongoDB connected: cluster0-shard-00-00.9iaqd.mongodb.net\u001b[39m\u001b[24m\u001b[22m","level":"info"}
{"message":"\u001b[1m\u001b[4m\u001b[36mMongoDB connected: cluster0-shard-00-01.9iaqd.mongodb.net\u001b[39m\u001b[24m\u001b[22m","level":"info"}
{"message":"\u001b[1m\u001b[4m\u001b[36mMongoDB connected: cluster0-shard-00-00.9iaqd.mongodb.net\u001b[39m\u001b[24m\u001b[22m","level":"info"}
{"message":"The app is running on port 3000","level":"info"}
{"message":"\u001b[1m\u001b[4m\u001b[36mMongoDB connected: cluster0-shard-00-02.9iaqd.mongodb.net\u001b[39m\u001b[24m\u001b[22m","level":"info"}
{"message":"The app is running on port 3000","level":"info"}
{"message":"\u001b[1m\u001b[4m\u001b[36mMongoDB connected: cluster0-shard-00-02.9iaqd.mongodb.net\u001b[39m\u001b[24m\u001b[22m","level":"info"}
{"message":"\u001b[33mThe app is running on port 3000\u001b[39m","level":"info"}
{"message":"\u001b[1m\u001b[4m\u001b[36mMongoDB connected: cluster0-shard-00-01.9iaqd.mongodb.net\u001b[39m\u001b[24m\u001b[22m","level":"info"}
{"message":"\u001b[33mThe app is running on port 3000\u001b[39m","level":"info"}
{"message":"\u001b[31mMongoDB failed to connect MongooseServerSelectionError: Could not connect to any servers in your MongoDB Atlas cluster. One common reason is that you're trying to access the database from an IP that isn't whitelisted. Make sure your current IP address is on your Atlas cluster's IP whitelist: https://docs.atlas.mongodb.com/security-whitelist/\u001b[39m","level":"error"}
{"message":"\u001b[33mThe app is running on port 3000\u001b[39m","level":"info"}
{"message":"\u001b[1m\u001b[4m\u001b[36mMongoDB connected: cluster0-shard-00-00.9iaqd.mongodb.net\u001b[39m\u001b[24m\u001b[22m","level":"info"}
{"message":"\u001b[33mThe app is running on port 3000\u001b[39m","level":"info"}
{"message":"\u001b[1m\u001b[4m\u001b[36mMongoDB connected: cluster0-shard-00-00.9iaqd.mongodb.net\u001b[39m\u001b[24m\u001b[22m","level":"info"}
{"message":"\u001b[33mThe app is running on port 3000\u001b[39m","level":"info"}
{"message":"\u001b[33mThe app is running on port 3000\u001b[39m","level":"info"}
{"message":"\u001b[1m\u001b[4m\u001b[36mMongoDB connected: cluster0-shard-00-01.9iaqd.mongodb.net\u001b[39m\u001b[24m\u001b[22m","level":"info"}
{"message":"\u001b[33mThe app is running on port 3000\u001b[39m","level":"info"}
{"message":"\u001b[1m\u001b[4m\u001b[36mMongoDB connected: cluster0-shard-00-01.9iaqd.mongodb.net\u001b[39m\u001b[24m\u001b[22m","level":"info"}
{"message":"\u001b[33mThe app is running on port 3000\u001b[39m","level":"info"}
{"message":"\u001b[1m\u001b[4m\u001b[36mMongoDB connected: cluster0-shard-00-00.9iaqd.mongodb.net\u001b[39m\u001b[24m\u001b[22m","level":"info"}
{"message":"\u001b[33mThe app is running on port 3000\u001b[39m","level":"info"}
{"message":"\u001b[1m\u001b[4m\u001b[36mMongoDB connected: cluster0-shard-00-02.9iaqd.mongodb.net\u001b[39m\u001b[24m\u001b[22m","level":"info"}
{"message":"\u001b[33mThe app is running on port 3000\u001b[39m","level":"info"}
{"message":"\u001b[1m\u001b[4m\u001b[36mMongoDB connected: cluster0-shard-00-01.9iaqd.mongodb.net\u001b[39m\u001b[24m\u001b[22m","level":"info"}
{"message":"\u001b[33mThe app is running on port 3000\u001b[39m","level":"info"}
{"message":"\u001b[1m\u001b[4m\u001b[36mMongoDB connected: cluster0-shard-00-02.9iaqd.mongodb.net\u001b[39m\u001b[24m\u001b[22m","level":"info"}
{"message":"\u001b[33mThe app is running on port 3000\u001b[39m","level":"info"}
{"message":"\u001b[1m\u001b[4m\u001b[36mMongoDB connected: cluster0-shard-00-00.9iaqd.mongodb.net\u001b[39m\u001b[24m\u001b[22m","level":"info"}
{"message":"\u001b[1m\u001b[4m\u001b[36mMongoDB connected: cluster0-shard-00-01.9iaqd.mongodb.net\u001b[39m\u001b[24m\u001b[22m","level":"info"}
{"message":"\u001b[33mThe app is running on port 3000\u001b[39m","level":"info"}
{"message":"\u001b[1m\u001b[4m\u001b[36mMongoDB connected: cluster0-shard-00-02.9iaqd.mongodb.net\u001b[39m\u001b[24m\u001b[22m","level":"info"}
{"message":"\u001b[33mThe app is running on port 3000\u001b[39m","level":"info"}
{"message":"\u001b[1m\u001b[4m\u001b[36mMongoDB connected: cluster0-shard-00-02.9iaqd.mongodb.net\u001b[39m\u001b[24m\u001b[22m","level":"info"}
{"message":"\u001b[33mThe app is running on port 3000\u001b[39m","level":"info"}
{"message":"\u001b[1m\u001b[4m\u001b[36mMongoDB connected: cluster0-shard-00-01.9iaqd.mongodb.net\u001b[39m\u001b[24m\u001b[22m","level":"info"}
{"message":"\u001b[33mThe app is running on port 3000\u001b[39m","level":"info"}
{"message":"\u001b[1m\u001b[4m\u001b[36mMongoDB connected: cluster0-shard-00-01.9iaqd.mongodb.net\u001b[39m\u001b[24m\u001b[22m","level":"info"}
{"message":"\u001b[1m\u001b[4m\u001b[36mMongoDB connected: cluster0-shard-00-02.9iaqd.mongodb.net\u001b[39m\u001b[24m\u001b[22m","level":"info"}
{"message":"\u001b[1m\u001b[4m\u001b[36mMongoDB connected: cluster0-shard-00-00.9iaqd.mongodb.net\u001b[39m\u001b[24m\u001b[22m","level":"info"}
{"message":"\u001b[1m\u001b[4m\u001b[36mMongoDB connected: cluster0-shard-00-02.9iaqd.mongodb.net\u001b[39m\u001b[24m\u001b[22m","level":"info"}
{"message":"\u001b[33mThe app is running on port 3000\u001b[39m","level":"info"}
{"message":"\u001b[1m\u001b[4m\u001b[36mMongoDB connected: cluster0-shard-00-00.9iaqd.mongodb.net\u001b[39m\u001b[24m\u001b[22m","level":"info"}
{"message":"\u001b[33mThe app is running on port 3000\u001b[39m","level":"info"}
{"message":"\u001b[1m\u001b[4m\u001b[36mMongoDB connected: cluster0-shard-00-00.9iaqd.mongodb.net\u001b[39m\u001b[24m\u001b[22m","level":"info"}
{"message":"\u001b[33mThe app is running on port 3000\u001b[39m","level":"info"}
{"message":"\u001b[33mThe app is running on port 3000\u001b[39m","level":"info"}
{"message":"\u001b[33mThe app is running on port 3000\u001b[39m","level":"info"}
{"message":"\u001b[33mThe app is running on port 3000\u001b[39m","level":"info"}
{"message":"\u001b[1m\u001b[4m\u001b[36mMongoDB connected: cluster0-shard-00-01.9iaqd.mongodb.net\u001b[39m\u001b[24m\u001b[22m","level":"info"}
{"message":"\u001b[33mThe app is running on port 3000\u001b[39m","level":"info"}
{"message":"\u001b[1m\u001b[4m\u001b[36mMongoDB connected: cluster0-shard-00-01.9iaqd.mongodb.net\u001b[39m\u001b[24m\u001b[22m","level":"info"}
{"message":"\u001b[33mThe app is running on port 3000\u001b[39m","level":"info"}
{"message":"\u001b[1m\u001b[4m\u001b[36mMongoDB connected: cluster0-shard-00-01.9iaqd.mongodb.net\u001b[39m\u001b[24m\u001b[22m","level":"info"}
{"message":"\u001b[1m\u001b[4m\u001b[36mMongoDB connected: cluster0-shard-00-02.9iaqd.mongodb.net\u001b[39m\u001b[24m\u001b[22m","level":"info"}
{"message":"\u001b[33mThe app is running on port 3000\u001b[39m","level":"info"}
{"message":"\u001b[1m\u001b[4m\u001b[36mMongoDB connected: cluster0-shard-00-00.9iaqd.mongodb.net\u001b[39m\u001b[24m\u001b[22m","level":"info"}
{"message":"\u001b[33mThe app is running on port 3000\u001b[39m","level":"info"}
{"message":"\u001b[1m\u001b[4m\u001b[36mMongoDB connected: cluster0-shard-00-02.9iaqd.mongodb.net\u001b[39m\u001b[24m\u001b[22m","level":"info"}
{"message":"\u001b[33mThe app is running on port 3000\u001b[39m","level":"info"}
{"message":"\u001b[1m\u001b[4m\u001b[36mMongoDB connected: cluster0-shard-00-02.9iaqd.mongodb.net\u001b[39m\u001b[24m\u001b[22m","level":"info"}
{"message":"\u001b[33mThe app is running on port 3000\u001b[39m","level":"info"}
{"message":"\u001b[1m\u001b[4m\u001b[36mMongoDB connected: cluster0-shard-00-02.9iaqd.mongodb.net\u001b[39m\u001b[24m\u001b[22m","level":"info"}
{"message":"\u001b[33mThe app is running on port 3000\u001b[39m","level":"info"}
{"message":"\u001b[1m\u001b[4m\u001b[36mMongoDB connected: cluster0-shard-00-01.9iaqd.mongodb.net\u001b[39m\u001b[24m\u001b[22m","level":"info"}
{"message":"\u001b[33mThe app is running on port 3000\u001b[39m","level":"info"}
{"message":"\u001b[1m\u001b[4m\u001b[36mMongoDB connected: cluster0-shard-00-01.9iaqd.mongodb.net\u001b[39m\u001b[24m\u001b[22m","level":"info"}
{"message":"\u001b[33mThe app is running on port 3000\u001b[39m","level":"info"}
{"message":"\u001b[1m\u001b[4m\u001b[36mMongoDB connected: cluster0-shard-00-00.9iaqd.mongodb.net\u001b[39m\u001b[24m\u001b[22m","level":"info"}
{"message":"\u001b[33mThe app is running on port 3000\u001b[39m","level":"info"}
{"message":"\u001b[1m\u001b[4m\u001b[36mMongoDB connected: cluster0-shard-00-00.9iaqd.mongodb.net\u001b[39m\u001b[24m\u001b[22m","level":"info"}
{"message":"\u001b[33mThe app is running on port 3000\u001b[39m","level":"info"}
{"message":"\u001b[1m\u001b[4m\u001b[36mMongoDB connected: cluster0-shard-00-00.9iaqd.mongodb.net\u001b[39m\u001b[24m\u001b[22m","level":"info"}
{"message":"\u001b[33mThe app is running on port 3000\u001b[39m","level":"info"}
{"message":"\u001b[1m\u001b[4m\u001b[36mMongoDB connected: cluster0-shard-00-01.9iaqd.mongodb.net\u001b[39m\u001b[24m\u001b[22m","level":"info"}
{"message":"\u001b[33mThe app is running on port 3000\u001b[39m","level":"info"}
{"message":"\u001b[1m\u001b[4m\u001b[36mMongoDB connected: cluster0-shard-00-01.9iaqd.mongodb.net\u001b[39m\u001b[24m\u001b[22m","level":"info"}
{"message":"\u001b[33mThe app is running on port 3000\u001b[39m","level":"info"}
{"message":"\u001b[1m\u001b[4m\u001b[36mMongoDB connected: cluster0-shard-00-01.9iaqd.mongodb.net\u001b[39m\u001b[24m\u001b[22m","level":"info"}
{"message":"\u001b[1m\u001b[4m\u001b[36mMongoDB connected: cluster0-shard-00-01.9iaqd.mongodb.net\u001b[39m\u001b[24m\u001b[22m","level":"info"}
{"message":"\u001b[33mThe app is running on port 3000\u001b[39m","level":"info"}
{"message":"\u001b[33mThe app is running on port 3000\u001b[39m","level":"info"}
{"message":"\u001b[33mThe app is running on port 3000\u001b[39m","level":"info"}
{"message":"\u001b[1m\u001b[4m\u001b[36mMongoDB connected: cluster0-shard-00-02.9iaqd.mongodb.net\u001b[39m\u001b[24m\u001b[22m","level":"info"}
{"message":"\u001b[33mThe app is running on port 3000\u001b[39m","level":"info"}
{"message":"\u001b[1m\u001b[4m\u001b[36mMongoDB connected: cluster0-shard-00-00.9iaqd.mongodb.net\u001b[39m\u001b[24m\u001b[22m","level":"info"}
{"message":"\u001b[33mThe app is running on port 3000\u001b[39m","level":"info"}
{"message":"\u001b[1m\u001b[4m\u001b[36mMongoDB connected: cluster0-shard-00-02.9iaqd.mongodb.net\u001b[39m\u001b[24m\u001b[22m","level":"info"}
{"message":"\u001b[33mThe app is running on port 3000\u001b[39m","level":"info"}
{"message":"\u001b[33mThe app is running on port 3000\u001b[39m","level":"info"}
{"message":"\u001b[33mThe app is running on port 3000\u001b[39m","level":"info"}
{"message":"\u001b[1m\u001b[4m\u001b[36mMongoDB connected: cluster0-shard-00-00.9iaqd.mongodb.net\u001b[39m\u001b[24m\u001b[22m","level":"info"}
{"message":"\u001b[33mThe app is running on port 3000\u001b[39m","level":"info"}
{"message":"\u001b[1m\u001b[4m\u001b[36mMongoDB connected: cluster0-shard-00-00.9iaqd.mongodb.net\u001b[39m\u001b[24m\u001b[22m","level":"info"}
{"message":"\u001b[33mThe app is running on port 3000\u001b[39m","level":"info"}
{"message":"\u001b[1m\u001b[4m\u001b[36mMongoDB connected: cluster0-shard-00-01.9iaqd.mongodb.net\u001b[39m\u001b[24m\u001b[22m","level":"info"}
{"message":"\u001b[33mThe app is running on port 3000\u001b[39m","level":"info"}
{"message":"\u001b[1m\u001b[4m\u001b[36mMongoDB connected: cluster0-shard-00-00.9iaqd.mongodb.net\u001b[39m\u001b[24m\u001b[22m","level":"info"}
{"message":"\u001b[33mThe app is running on port 3000\u001b[39m","level":"info"}
{"message":"\u001b[33mThe app is running on port 3000\u001b[39m","level":"info"}
{"message":"\u001b[1m\u001b[4m\u001b[36mMongoDB connected: cluster0-shard-00-00.9iaqd.mongodb.net\u001b[39m\u001b[24m\u001b[22m","level":"info"}
{"message":"\u001b[33mThe app is running on port 3000\u001b[39m","level":"info"}
{"message":"\u001b[31mMongoDB failed to connect Error: queryTxt ESERVFAIL cluster0.9iaqd.mongodb.net\u001b[39m","level":"error"}
{"message":"\u001b[33mThe app is running on port 3000\u001b[39m","level":"info"}
{"message":"\u001b[33mThe app is running on port 3000\u001b[39m","level":"info"}
{"message":"\u001b[1m\u001b[4m\u001b[36mMongoDB connected: cluster0-shard-00-01.9iaqd.mongodb.net\u001b[39m\u001b[24m\u001b[22m","level":"info"}
{"message":"\u001b[33mThe app is running on port 3000\u001b[39m","level":"info"}
{"message":"\u001b[33mThe app is running on port 3000\u001b[39m","level":"info"}
{"message":"\u001b[1m\u001b[4m\u001b[36mMongoDB connected: cluster0-shard-00-01.9iaqd.mongodb.net\u001b[39m\u001b[24m\u001b[22m","level":"info"}
{"message":"\u001b[33mThe app is running on port 3000\u001b[39m","level":"info"}
{"message":"\u001b[1m\u001b[4m\u001b[36mMongoDB connected: cluster0-shard-00-02.9iaqd.mongodb.net\u001b[39m\u001b[24m\u001b[22m","level":"info"}
{"message":"\u001b[33mThe app is running on port 3000\u001b[39m","level":"info"}
{"message":"\u001b[31mMongoDB failed to connect Error: queryTxt ESERVFAIL cluster0.9iaqd.mongodb.net\u001b[39m","level":"error"}
{"message":"\u001b[33mThe app is running on port 3000\u001b[39m","level":"info"}
{"message":"\u001b[31mMongoDB failed to connect Error: querySrv ESERVFAIL _mongodb._tcp.cluster0.9iaqd.mongodb.net\u001b[39m","level":"error"}
{"message":"\u001b[33mThe app is running on port 3000\u001b[39m","level":"info"}
{"message":"\u001b[33mThe app is running on port 3000\u001b[39m","level":"info"}
{"message":"\u001b[33mThe app is running on port 3000\u001b[39m","level":"info"}
{"message":"\u001b[1m\u001b[4m\u001b[36mMongoDB connected: cluster0-shard-00-00.9iaqd.mongodb.net\u001b[39m\u001b[24m\u001b[22m","level":"info"}
{"message":"\u001b[33mThe app is running on port 3000\u001b[39m","level":"info"}
{"message":"\u001b[1m\u001b[4m\u001b[36mMongoDB connected: cluster0-shard-00-01.9iaqd.mongodb.net\u001b[39m\u001b[24m\u001b[22m","level":"info"}
{"message":"\u001b[33mThe app is running on port 3000\u001b[39m","level":"info"}
{"message":"\u001b[1m\u001b[4m\u001b[36mMongoDB connected: cluster0-shard-00-00.9iaqd.mongodb.net\u001b[39m\u001b[24m\u001b[22m","level":"info"}
{"message":"\u001b[33mThe app is running on port 3000\u001b[39m","level":"info"}
{"message":"\u001b[33mThe app is running on port 3000\u001b[39m","level":"info"}
{"message":"\u001b[33mThe app is running on port 3000\u001b[39m","level":"info"}
{"message":"\u001b[1m\u001b[4m\u001b[36mMongoDB connected: cluster0-shard-00-01.9iaqd.mongodb.net\u001b[39m\u001b[24m\u001b[22m","level":"info"}
{"message":"\u001b[33mThe app is running on port 3000\u001b[39m","level":"info"}
{"message":"\u001b[33mThe app is running on port 3000\u001b[39m","level":"info"}
{"message":"\u001b[33mThe app is running on port 3000\u001b[39m","level":"info"}
{"message":"\u001b[1m\u001b[4m\u001b[36mMongoDB connected: cluster0-shard-00-01.9iaqd.mongodb.net\u001b[39m\u001b[24m\u001b[22m","level":"info"}
{"message":"\u001b[33mThe app is running on port 3000\u001b[39m","level":"info"}
{"message":"\u001b[33mThe app is running on port 3000\u001b[39m","level":"info"}
{"message":"\u001b[1m\u001b[4m\u001b[36mMongoDB connected: cluster0-shard-00-02.9iaqd.mongodb.net\u001b[39m\u001b[24m\u001b[22m","level":"info"}
{"message":"\u001b[33mThe app is running on port 3000\u001b[39m","level":"info"}
{"message":"\u001b[1m\u001b[4m\u001b[36mMongoDB connected: cluster0-shard-00-01.9iaqd.mongodb.net\u001b[39m\u001b[24m\u001b[22m","level":"info"}
{"message":"\u001b[33mThe app is running on port 3000\u001b[39m","level":"info"}
{"message":"\u001b[1m\u001b[4m\u001b[36mMongoDB connected: cluster0-shard-00-01.9iaqd.mongodb.net\u001b[39m\u001b[24m\u001b[22m","level":"info"}
{"message":"\u001b[33mThe app is running on port 3000\u001b[39m","level":"info"}
{"message":"\u001b[1m\u001b[4m\u001b[36mMongoDB connected: cluster0-shard-00-00.9iaqd.mongodb.net\u001b[39m\u001b[24m\u001b[22m","level":"info"}
{"message":"\u001b[33mThe app is running on port 3000\u001b[39m","level":"info"}
{"message":"\u001b[33mThe app is running on port 3000\u001b[39m","level":"info"}
{"message":"\u001b[33mThe app is running on port 3000\u001b[39m","level":"info"}
{"message":"\u001b[1m\u001b[4m\u001b[36mMongoDB connected: cluster0-shard-00-01.9iaqd.mongodb.net\u001b[39m\u001b[24m\u001b[22m","level":"info"}
{"message":"\u001b[33mThe app is running on port 3000\u001b[39m","level":"info"}
{"message":"\u001b[33mThe app is running on port 3000\u001b[39m","level":"info"}
{"message":"\u001b[1m\u001b[4m\u001b[36mMongoDB connected: cluster0-shard-00-00.9iaqd.mongodb.net\u001b[39m\u001b[24m\u001b[22m","level":"info"}
{"message":"\u001b[33mThe app is running on port 3000\u001b[39m","level":"info"}
{"message":"\u001b[1m\u001b[4m\u001b[36mMongoDB connected: cluster0-shard-00-00.9iaqd.mongodb.net\u001b[39m\u001b[24m\u001b[22m","level":"info"}
{"message":"\u001b[33mThe app is running on port 3000\u001b[39m","level":"info"}
{"message":"\u001b[1m\u001b[4m\u001b[36mMongoDB connected: cluster0-shard-00-02.9iaqd.mongodb.net\u001b[39m\u001b[24m\u001b[22m","level":"info"}
{"message":"\u001b[33mThe app is running on port 3000\u001b[39m","level":"info"}
{"message":"\u001b[1m\u001b[4m\u001b[36mMongoDB connected: cluster0-shard-00-00.9iaqd.mongodb.net\u001b[39m\u001b[24m\u001b[22m","level":"info"}
{"message":"\u001b[33mThe app is running on port 3000\u001b[39m","level":"info"}
{"message":"\u001b[1m\u001b[4m\u001b[36mMongoDB connected: cluster0-shard-00-01.9iaqd.mongodb.net\u001b[39m\u001b[24m\u001b[22m","level":"info"}
{"message":"\u001b[33mThe app is running on port 3000\u001b[39m","level":"info"}
{"message":"\u001b[33mThe app is running on port 3000\u001b[39m","level":"info"}
{"message":"\u001b[1m\u001b[4m\u001b[36mMongoDB connected: cluster0-shard-00-00.9iaqd.mongodb.net\u001b[39m\u001b[24m\u001b[22m","level":"info"}
{"message":"\u001b[33mThe app is running on port 3000\u001b[39m","level":"info"}
{"message":"\u001b[1m\u001b[4m\u001b[36mMongoDB connected: cluster0-shard-00-01.9iaqd.mongodb.net\u001b[39m\u001b[24m\u001b[22m","level":"info"}
{"message":"\u001b[33mThe app is running on port 3000\u001b[39m","level":"info"}
{"message":"\u001b[1m\u001b[4m\u001b[36mMongoDB connected: cluster0-shard-00-01.9iaqd.mongodb.net\u001b[39m\u001b[24m\u001b[22m","level":"info"}
{"message":"\u001b[33mThe app is running on port 3000\u001b[39m","level":"info"}
{"message":"\u001b[33mThe app is running on port 3000\u001b[39m","level":"info"}
{"message":"\u001b[33mThe app is running on port 3000\u001b[39m","level":"info"}
{"message":"\u001b[1m\u001b[4m\u001b[36mMongoDB connected: cluster0-shard-00-00.9iaqd.mongodb.net\u001b[39m\u001b[24m\u001b[22m","level":"info"}
{"message":"\u001b[33mThe app is running on port 3000\u001b[39m","level":"info"}
{"message":"\u001b[33mThe app is running on port 3000\u001b[39m","level":"info"}
{"message":"\u001b[33mThe app is running on port 3000\u001b[39m","level":"info"}
{"message":"\u001b[33mThe app is running on port 3000\u001b[39m","level":"info"}
{"message":"\u001b[33mThe app is running on port 3000\u001b[39m","level":"info"}
{"message":"\u001b[1m\u001b[4m\u001b[36mMongoDB connected: cluster0-shard-00-00.9iaqd.mongodb.net\u001b[39m\u001b[24m\u001b[22m","level":"info"}
{"message":"\u001b[33mThe app is running on port 3000\u001b[39m","level":"info"}
{"message":"\u001b[33mThe app is running on port 3000\u001b[39m","level":"info"}
{"message":"\u001b[1m\u001b[4m\u001b[36mMongoDB connected: cluster0-shard-00-02.9iaqd.mongodb.net\u001b[39m\u001b[24m\u001b[22m","level":"info"}
{"message":"\u001b[33mThe app is running on port 3000\u001b[39m","level":"info"}
{"message":"\u001b[33mThe app is running on port 3000\u001b[39m","level":"info"}
{"message":"\u001b[1m\u001b[4m\u001b[36mMongoDB connected: cluster0-shard-00-00.9iaqd.mongodb.net\u001b[39m\u001b[24m\u001b[22m","level":"info"}
{"message":"\u001b[33mThe app is running on port 3000\u001b[39m","level":"info"}
{"message":"\u001b[33mThe app is running on port 3000\u001b[39m","level":"info"}
{"message":"\u001b[33mThe app is running on port 3000\u001b[39m","level":"info"}
{"message":"\u001b[1m\u001b[4m\u001b[36mMongoDB connected: cluster0-shard-00-02.9iaqd.mongodb.net\u001b[39m\u001b[24m\u001b[22m","level":"info"}
{"message":"\u001b[33mThe app is running on port 3000\u001b[39m","level":"info"}
{"message":"\u001b[33mThe app is running on port 3000\u001b[39m","level":"info"}
{"message":"\u001b[1m\u001b[4m\u001b[36mMongoDB connected: cluster0-shard-00-00.9iaqd.mongodb.net\u001b[39m\u001b[24m\u001b[22m","level":"info"}
{"message":"\u001b[33mThe app is running on port 3000\u001b[39m","level":"info"}
{"message":"\u001b[1m\u001b[4m\u001b[36mMongoDB connected: cluster0-shard-00-01.9iaqd.mongodb.net\u001b[39m\u001b[24m\u001b[22m","level":"info"}
{"message":"\u001b[33mThe app is running on port 3000\u001b[39m","level":"info"}
{"message":"\u001b[33mThe app is running on port 3000\u001b[39m","level":"info"}
{"message":"\u001b[1m\u001b[4m\u001b[36mMongoDB connected: cluster0-shard-00-02.9iaqd.mongodb.net\u001b[39m\u001b[24m\u001b[22m","level":"info"}
{"message":"\u001b[33mThe app is running on port 3000\u001b[39m","level":"info"}
{"message":"\u001b[1m\u001b[4m\u001b[36mMongoDB connected: cluster0-shard-00-01.9iaqd.mongodb.net\u001b[39m\u001b[24m\u001b[22m","level":"info"}
{"message":"\u001b[33mThe app is running on port 3000\u001b[39m","level":"info"}
{"message":"\u001b[1m\u001b[4m\u001b[36mMongoDB connected: cluster0-shard-00-02.9iaqd.mongodb.net\u001b[39m\u001b[24m\u001b[22m","level":"info"}
{"message":"\u001b[1m\u001b[4m\u001b[36mMongoDB connected: cluster0-shard-00-00.9iaqd.mongodb.net\u001b[39m\u001b[24m\u001b[22m","level":"info"}
{"message":"\u001b[1m\u001b[4m\u001b[36mMongoDB connected: cluster0-shard-00-01.9iaqd.mongodb.net\u001b[39m\u001b[24m\u001b[22m","level":"info"}
{"message":"\u001b[1m\u001b[4m\u001b[36mMongoDB connected: cluster0-shard-00-02.9iaqd.mongodb.net\u001b[39m\u001b[24m\u001b[22m","level":"info"}
{"message":"\u001b[33mThe app is running on port 3000\u001b[39m","level":"info"}
{"message":"\u001b[1m\u001b[4m\u001b[36mMongoDB connected: cluster0-shard-00-01.9iaqd.mongodb.net\u001b[39m\u001b[24m\u001b[22m","level":"info"}
{"message":"\u001b[33mThe app is running on port 3000\u001b[39m","level":"info"}
{"message":"\u001b[1m\u001b[4m\u001b[36mMongoDB connected: cluster0-shard-00-00.9iaqd.mongodb.net\u001b[39m\u001b[24m\u001b[22m","level":"info"}
{"message":"\u001b[33mThe app is running on port 3000\u001b[39m","level":"info"}
{"message":"\u001b[1m\u001b[4m\u001b[36mMongoDB connected: cluster0-shard-00-01.9iaqd.mongodb.net\u001b[39m\u001b[24m\u001b[22m","level":"info"}
{"message":"\u001b[33mThe app is running on port 3000\u001b[39m","level":"info"}
{"message":"\u001b[1m\u001b[4m\u001b[36mMongoDB connected: cluster0-shard-00-00.9iaqd.mongodb.net\u001b[39m\u001b[24m\u001b[22m","level":"info"}
{"message":"\u001b[33mThe app is running on port 3000\u001b[39m","level":"info"}
{"message":"\u001b[1m\u001b[4m\u001b[36mMongoDB connected: cluster0-shard-00-01.9iaqd.mongodb.net\u001b[39m\u001b[24m\u001b[22m","level":"info"}
{"message":"\u001b[33mThe app is running on port 3000\u001b[39m","level":"info"}
{"message":"\u001b[1m\u001b[4m\u001b[36mMongoDB connected: cluster0-shard-00-00.9iaqd.mongodb.net\u001b[39m\u001b[24m\u001b[22m","level":"info"}
{"message":"\u001b[33mThe app is running on port 3000\u001b[39m","level":"info"}
{"message":"\u001b[33mThe app is running on port 3000\u001b[39m","level":"info"}
{"message":"\u001b[33mThe app is running on port 3000\u001b[39m","level":"info"}
{"message":"\u001b[33mThe app is running on port 3000\u001b[39m","level":"info"}
{"message":"\u001b[1m\u001b[4m\u001b[36mMongoDB connected: cluster0-shard-00-00.9iaqd.mongodb.net\u001b[39m\u001b[24m\u001b[22m","level":"info"}
{"message":"\u001b[1m\u001b[4m\u001b[36mMongoDB connected: cluster0-shard-00-01.9iaqd.mongodb.net\u001b[39m\u001b[24m\u001b[22m","level":"info"}
{"message":"\u001b[1m\u001b[4m\u001b[36mMongoDB connected: cluster0-shard-00-00.9iaqd.mongodb.net\u001b[39m\u001b[24m\u001b[22m","level":"info"}
{"message":"\u001b[33mThe app is running on port 3000\u001b[39m","level":"info"}
{"message":"\u001b[33mThe app is running on port 3000\u001b[39m","level":"info"}
{"message":"\u001b[1m\u001b[4m\u001b[36mMongoDB connected: cluster0-shard-00-02.9iaqd.mongodb.net\u001b[39m\u001b[24m\u001b[22m","level":"info"}
{"message":"\u001b[1m\u001b[4m\u001b[36mMongoDB connected: cluster0-shard-00-00.9iaqd.mongodb.net\u001b[39m\u001b[24m\u001b[22m","level":"info"}
{"message":"\u001b[1m\u001b[4m\u001b[36mMongoDB connected: cluster0-shard-00-01.9iaqd.mongodb.net\u001b[39m\u001b[24m\u001b[22m","level":"info"}
{"message":"\u001b[1m\u001b[4m\u001b[36mMongoDB connected: cluster0-shard-00-00.9iaqd.mongodb.net\u001b[39m\u001b[24m\u001b[22m","level":"info"}
{"message":"\u001b[1m\u001b[4m\u001b[36mMongoDB connected: cluster0-shard-00-01.9iaqd.mongodb.net\u001b[39m\u001b[24m\u001b[22m","level":"info"}
{"message":"\u001b[1m\u001b[4m\u001b[36mMongoDB connected: cluster0-shard-00-00.9iaqd.mongodb.net\u001b[39m\u001b[24m\u001b[22m","level":"info"}
{"message":"\u001b[33mThe app is running on port 3000\u001b[39m","level":"info"}
{"message":"\u001b[1m\u001b[4m\u001b[36mMongoDB connected: cluster0-shard-00-02.9iaqd.mongodb.net\u001b[39m\u001b[24m\u001b[22m","level":"info"}
{"message":"\u001b[1m\u001b[4m\u001b[36mMongoDB connected: cluster0-shard-00-02.9iaqd.mongodb.net\u001b[39m\u001b[24m\u001b[22m","level":"info"}
{"message":"\u001b[33mThe app is running on port 3000\u001b[39m","level":"info"}
{"message":"\u001b[33mThe app is running on port 3000\u001b[39m","level":"info"}
{"message":"\u001b[33mThe app is running on port 3000\u001b[39m","level":"info"}
{"message":"\u001b[1m\u001b[4m\u001b[36mMongoDB connected: cluster0-shard-00-02.9iaqd.mongodb.net\u001b[39m\u001b[24m\u001b[22m","level":"info"}
{"message":"\u001b[33mThe app is running on port 3000\u001b[39m","level":"info"}
{"message":"\u001b[1m\u001b[4m\u001b[36mMongoDB connected: cluster0-shard-00-01.9iaqd.mongodb.net\u001b[39m\u001b[24m\u001b[22m","level":"info"}
{"message":"\u001b[33mThe app is running on port 3000\u001b[39m","level":"info"}
{"message":"body is not defined","level":"error"}
{"message":"\u001b[1m\u001b[4m\u001b[36mMongoDB connected: cluster0-shard-00-01.9iaqd.mongodb.net\u001b[39m\u001b[24m\u001b[22m","level":"info"}
{"message":"\u001b[33mThe app is running on port 3000\u001b[39m","level":"info"}
{"message":"\u001b[1m\u001b[4m\u001b[36mMongoDB connected: cluster0-shard-00-02.9iaqd.mongodb.net\u001b[39m\u001b[24m\u001b[22m","level":"info"}
{"message":"\u001b[33mThe app is running on port 3000\u001b[39m","level":"info"}
{"message":"Operation `users.findOne()` buffering timed out after 10000ms","level":"error"}
{"message":"\u001b[33mThe app is running on port 3000\u001b[39m","level":"info"}
{"message":"\u001b[1m\u001b[4m\u001b[36mMongoDB connected: cluster0-shard-00-00.9iaqd.mongodb.net\u001b[39m\u001b[24m\u001b[22m","level":"info"}
{"message":"user.comparePasswords is not a function","level":"error"}
{"message":"\u001b[33mThe app is running on port 3000\u001b[39m","level":"info"}
{"message":"\u001b[1m\u001b[4m\u001b[36mMongoDB connected: cluster0-shard-00-00.9iaqd.mongodb.net\u001b[39m\u001b[24m\u001b[22m","level":"info"}
{"message":"\u001b[33mThe app is running on port 3000\u001b[39m","level":"info"}
{"message":"\u001b[1m\u001b[4m\u001b[36mMongoDB connected: cluster0-shard-00-02.9iaqd.mongodb.net\u001b[39m\u001b[24m\u001b[22m","level":"info"}
{"message":"\u001b[33mThe app is running on port 3000\u001b[39m","level":"info"}
{"message":"\u001b[1m\u001b[4m\u001b[36mMongoDB connected: cluster0-shard-00-02.9iaqd.mongodb.net\u001b[39m\u001b[24m\u001b[22m","level":"info"}
{"message":"\u001b[33mThe app is running on port 3000\u001b[39m","level":"info"}
{"message":"\u001b[33mThe app is running on port 3000\u001b[39m","level":"info"}
{"message":"\u001b[1m\u001b[4m\u001b[36mMongoDB connected: cluster0-shard-00-02.9iaqd.mongodb.net\u001b[39m\u001b[24m\u001b[22m","level":"info"}
{"message":"\u001b[33mThe app is running on port 3000\u001b[39m","level":"info"}
{"message":"\u001b[1m\u001b[4m\u001b[36mMongoDB connected: cluster0-shard-00-00.9iaqd.mongodb.net\u001b[39m\u001b[24m\u001b[22m","level":"info"}
{"message":"\u001b[33mThe app is running on port 3000\u001b[39m","level":"info"}
{"message":"\u001b[33mThe app is running on port 3000\u001b[39m","level":"info"}
{"message":"\u001b[1m\u001b[4m\u001b[36mMongoDB connected: cluster0-shard-00-00.9iaqd.mongodb.net\u001b[39m\u001b[24m\u001b[22m","level":"info"}
{"message":"\u001b[33mThe app is running on port 3000\u001b[39m","level":"info"}
{"message":"\u001b[1m\u001b[4m\u001b[36mMongoDB connected: cluster0-shard-00-02.9iaqd.mongodb.net\u001b[39m\u001b[24m\u001b[22m","level":"info"}
{"message":"\u001b[33mThe app is running on port 3000\u001b[39m","level":"info"}
{"message":"\u001b[33mThe app is running on port 3000\u001b[39m","level":"info"}
{"message":"\u001b[1m\u001b[4m\u001b[36mMongoDB connected: cluster0-shard-00-01.9iaqd.mongodb.net\u001b[39m\u001b[24m\u001b[22m","level":"info"}
{"message":"\u001b[33mThe app is running on port 3000\u001b[39m","level":"info"}
{"message":"\u001b[33mThe app is running on port 3000\u001b[39m","level":"info"}
{"message":"\u001b[33mThe app is running on port 3000\u001b[39m","level":"info"}
{"message":"\u001b[1m\u001b[4m\u001b[36mMongoDB connected: cluster0-shard-00-01.9iaqd.mongodb.net\u001b[39m\u001b[24m\u001b[22m","level":"info"}
{"message":"\u001b[33mThe app is running on port 3000\u001b[39m","level":"info"}
{"message":"\u001b[1m\u001b[4m\u001b[36mMongoDB connected: cluster0-shard-00-02.9iaqd.mongodb.net\u001b[39m\u001b[24m\u001b[22m","level":"info"}
{"message":"\u001b[33mThe app is running on port 3000\u001b[39m","level":"info"}
{"message":"\u001b[1m\u001b[4m\u001b[36mMongoDB connected: cluster0-shard-00-01.9iaqd.mongodb.net\u001b[39m\u001b[24m\u001b[22m","level":"info"}
{"message":"\u001b[33mThe app is running on port 3000\u001b[39m","level":"info"}
{"message":"\u001b[1m\u001b[4m\u001b[36mMongoDB connected: cluster0-shard-00-02.9iaqd.mongodb.net\u001b[39m\u001b[24m\u001b[22m","level":"info"}
{"message":"\u001b[33mThe app is running on port 3000\u001b[39m","level":"info"}
{"message":"\u001b[33mThe app is running on port 3000\u001b[39m","level":"info"}
{"message":"\u001b[1m\u001b[4m\u001b[36mMongoDB connected: cluster0-shard-00-01.9iaqd.mongodb.net\u001b[39m\u001b[24m\u001b[22m","level":"info"}
{"message":"\u001b[33mThe app is running on port 3000\u001b[39m","level":"info"}
{"message":"\u001b[1m\u001b[4m\u001b[36mMongoDB connected: cluster0-shard-00-02.9iaqd.mongodb.net\u001b[39m\u001b[24m\u001b[22m","level":"info"}
{"message":"\u001b[33mThe app is running on port 3000\u001b[39m","level":"info"}
{"message":"\u001b[1m\u001b[4m\u001b[36mMongoDB connected: cluster0-shard-00-01.9iaqd.mongodb.net\u001b[39m\u001b[24m\u001b[22m","level":"info"}
{"message":"\u001b[33mThe app is running on port 3000\u001b[39m","level":"info"}
{"message":"\u001b[33mThe app is running on port 3000\u001b[39m","level":"info"}
{"message":"\u001b[1m\u001b[4m\u001b[36mMongoDB connected: cluster0-shard-00-00.9iaqd.mongodb.net\u001b[39m\u001b[24m\u001b[22m","level":"info"}
{"message":"\u001b[33mThe app is running on port 3000\u001b[39m","level":"info"}
{"message":"\u001b[33mThe app is running on port 3000\u001b[39m","level":"info"}
{"message":"\u001b[1m\u001b[4m\u001b[36mMongoDB connected: cluster0-shard-00-00.9iaqd.mongodb.net\u001b[39m\u001b[24m\u001b[22m","level":"info"}
{"message":"\u001b[33mThe app is running on port 3000\u001b[39m","level":"info"}
{"message":"\u001b[33mThe app is running on port 3000\u001b[39m","level":"info"}
{"message":"\u001b[33mThe app is running on port 3000\u001b[39m","level":"info"}
{"message":"\u001b[33mThe app is running on port 3000\u001b[39m","level":"info"}
{"message":"\u001b[33mThe app is running on port 3000\u001b[39m","level":"info"}
{"message":"\u001b[1m\u001b[4m\u001b[36mMongoDB connected: cluster0-shard-00-01.9iaqd.mongodb.net\u001b[39m\u001b[24m\u001b[22m","level":"info"}
{"message":"\u001b[33mThe app is running on port 3000\u001b[39m","level":"info"}
{"message":"\u001b[33mThe app is running on port 3000\u001b[39m","level":"info"}
{"message":"\u001b[1m\u001b[4m\u001b[36mMongoDB connected: cluster0-shard-00-01.9iaqd.mongodb.net\u001b[39m\u001b[24m\u001b[22m","level":"info"}
{"message":"\u001b[33mThe app is running on port 3000\u001b[39m","level":"info"}
{"message":"\u001b[1m\u001b[4m\u001b[36mMongoDB connected: cluster0-shard-00-02.9iaqd.mongodb.net\u001b[39m\u001b[24m\u001b[22m","level":"info"}
{"message":"\u001b[33mThe app is running on port 3000\u001b[39m","level":"info"}
{"message":"\u001b[1m\u001b[4m\u001b[36mMongoDB connected: cluster0-shard-00-01.9iaqd.mongodb.net\u001b[39m\u001b[24m\u001b[22m","level":"info"}
{"message":"\u001b[33mThe app is running on port 3000\u001b[39m","level":"info"}
{"message":"\u001b[1m\u001b[4m\u001b[36mMongoDB connected: cluster0-shard-00-01.9iaqd.mongodb.net\u001b[39m\u001b[24m\u001b[22m","level":"info"}
{"message":"\u001b[33mThe app is running on port 3000\u001b[39m","level":"info"}
{"message":"\u001b[33mThe app is running on port 3000\u001b[39m","level":"info"}
{"message":"\u001b[1m\u001b[4m\u001b[36mMongoDB connected: cluster0-shard-00-00.9iaqd.mongodb.net\u001b[39m\u001b[24m\u001b[22m","level":"info"}
{"message":"\u001b[33mThe app is running on port 3000\u001b[39m","level":"info"}
{"message":"\u001b[1m\u001b[4m\u001b[36mMongoDB connected: cluster0-shard-00-00.9iaqd.mongodb.net\u001b[39m\u001b[24m\u001b[22m","level":"info"}
{"message":"\u001b[33mThe app is running on port 3000\u001b[39m","level":"info"}
{"message":"\u001b[1m\u001b[4m\u001b[36mMongoDB connected: cluster0-shard-00-01.9iaqd.mongodb.net\u001b[39m\u001b[24m\u001b[22m","level":"info"}
{"message":"\u001b[33mThe app is running on port 3000\u001b[39m","level":"info"}
{"message":"\u001b[1m\u001b[4m\u001b[36mMongoDB connected: cluster0-shard-00-01.9iaqd.mongodb.net\u001b[39m\u001b[24m\u001b[22m","level":"info"}
{"message":"\u001b[33mThe app is running on port 3000\u001b[39m","level":"info"}
{"message":"\u001b[1m\u001b[4m\u001b[36mMongoDB connected: cluster0-shard-00-00.9iaqd.mongodb.net\u001b[39m\u001b[24m\u001b[22m","level":"info"}
{"message":"\u001b[33mThe app is running on port 3000\u001b[39m","level":"info"}
{"message":"\u001b[33mThe app is running on port 3000\u001b[39m","level":"info"}
{"message":"\u001b[1m\u001b[4m\u001b[36mMongoDB connected: cluster0-shard-00-02.9iaqd.mongodb.net\u001b[39m\u001b[24m\u001b[22m","level":"info"}
{"message":"\u001b[33mThe app is running on port 3000\u001b[39m","level":"info"}
{"message":"\u001b[1m\u001b[4m\u001b[36mMongoDB connected: cluster0-shard-00-02.9iaqd.mongodb.net\u001b[39m\u001b[24m\u001b[22m","level":"info"}
{"message":"\u001b[33mThe app is running on port 3000\u001b[39m","level":"info"}
{"message":"\u001b[1m\u001b[4m\u001b[36mMongoDB connected: cluster0-shard-00-00.9iaqd.mongodb.net\u001b[39m\u001b[24m\u001b[22m","level":"info"}
{"message":"\u001b[33mThe app is running on port 3000\u001b[39m","level":"info"}
{"message":"\u001b[1m\u001b[4m\u001b[36mMongoDB connected: cluster0-shard-00-01.9iaqd.mongodb.net\u001b[39m\u001b[24m\u001b[22m","level":"info"}
{"message":"\u001b[33mThe app is running on port 3000\u001b[39m","level":"info"}
{"message":"\u001b[33mThe app is running on port 3000\u001b[39m","level":"info"}
{"message":"\u001b[1m\u001b[4m\u001b[36mMongoDB connected: cluster0-shard-00-00.9iaqd.mongodb.net\u001b[39m\u001b[24m\u001b[22m","level":"info"}
{"message":"\u001b[33mThe app is running on port 3000\u001b[39m","level":"info"}
{"message":"\u001b[33mThe app is running on port 3000\u001b[39m","level":"info"}
{"message":"\u001b[1m\u001b[4m\u001b[36mMongoDB connected: cluster0-shard-00-01.9iaqd.mongodb.net\u001b[39m\u001b[24m\u001b[22m","level":"info"}
{"message":"\u001b[33mThe app is running on port 3000\u001b[39m","level":"info"}
{"message":"\u001b[1m\u001b[4m\u001b[36mMongoDB connected: cluster0-shard-00-02.9iaqd.mongodb.net\u001b[39m\u001b[24m\u001b[22m","level":"info"}
{"message":"\u001b[33mThe app is running on port 3000\u001b[39m","level":"info"}
{"message":"\u001b[33mThe app is running on port 3000\u001b[39m","level":"info"}
{"message":"\u001b[1m\u001b[4m\u001b[36mMongoDB connected: cluster0-shard-00-02.9iaqd.mongodb.net\u001b[39m\u001b[24m\u001b[22m","level":"info"}
{"message":"\u001b[33mThe app is running on port 3000\u001b[39m","level":"info"}
{"message":"\u001b[33mThe app is running on port 3000\u001b[39m","level":"info"}
{"message":"\u001b[33mThe app is running on port 3000\u001b[39m","level":"info"}
{"message":"\u001b[33mThe app is running on port 3000\u001b[39m","level":"info"}
{"message":"\u001b[33mThe app is running on port 3000\u001b[39m","level":"info"}
{"message":"\u001b[33mThe app is running on port 3000\u001b[39m","level":"info"}
{"message":"\u001b[1m\u001b[4m\u001b[36mMongoDB connected: cluster0-shard-00-01.9iaqd.mongodb.net\u001b[39m\u001b[24m\u001b[22m","level":"info"}
{"message":"\u001b[33mThe app is running on port 3000\u001b[39m","level":"info"}
{"message":"\u001b[1m\u001b[4m\u001b[36mMongoDB connected: cluster0-shard-00-02.9iaqd.mongodb.net\u001b[39m\u001b[24m\u001b[22m","level":"info"}
{"message":"\u001b[33mThe app is running on port 3000\u001b[39m","level":"info"}
{"message":"\u001b[33mThe app is running on port 3000\u001b[39m","level":"info"}
{"message":"\u001b[1m\u001b[4m\u001b[36mMongoDB connected: cluster0-shard-00-00.9iaqd.mongodb.net\u001b[39m\u001b[24m\u001b[22m","level":"info"}
{"message":"\u001b[33mThe app is running on port 3000\u001b[39m","level":"info"}
{"message":"\u001b[33mThe app is running on port 3000\u001b[39m","level":"info"}
{"message":"\u001b[33mThe app is running on port 3000\u001b[39m","level":"info"}
{"message":"\u001b[1m\u001b[4m\u001b[36mMongoDB connected: cluster0-shard-00-01.9iaqd.mongodb.net\u001b[39m\u001b[24m\u001b[22m","level":"info"}
{"message":"\u001b[33mThe app is running on port 3000\u001b[39m","level":"info"}
{"message":"\u001b[33mThe app is running on port 3000\u001b[39m","level":"info"}
{"message":"\u001b[1m\u001b[4m\u001b[36mMongoDB connected: cluster0-shard-00-00.9iaqd.mongodb.net\u001b[39m\u001b[24m\u001b[22m","level":"info"}
{"message":"\u001b[33mThe app is running on port 3000\u001b[39m","level":"info"}
{"message":"\u001b[1m\u001b[4m\u001b[36mMongoDB connected: cluster0-shard-00-01.9iaqd.mongodb.net\u001b[39m\u001b[24m\u001b[22m","level":"info"}
{"message":"\u001b[33mThe app is running on port 3000\u001b[39m","level":"info"}
{"message":"\u001b[33mThe app is running on port 3000\u001b[39m","level":"info"}
{"message":"\u001b[1m\u001b[4m\u001b[36mMongoDB connected: cluster0-shard-00-00.9iaqd.mongodb.net\u001b[39m\u001b[24m\u001b[22m","level":"info"}
{"message":"WriteConflict","level":"error"}
{"message":"WriteConflict","level":"error"}
{"message":"WriteConflict","level":"error"}
{"message":"Illegal arguments: undefined, string","level":"error"}
{"message":"\u001b[1m\u001b[4m\u001b[36mMongoDB connected: cluster0-shard-00-01.9iaqd.mongodb.net\u001b[39m\u001b[24m\u001b[22m","level":"info"}
{"message":"\u001b[33mThe app is running on port 3000\u001b[39m","level":"info"}
{"message":"\u001b[1m\u001b[4m\u001b[36mMongoDB connected: cluster0-shard-00-02.9iaqd.mongodb.net\u001b[39m\u001b[24m\u001b[22m","level":"info"}
{"message":"\u001b[33mThe app is running on port 3000\u001b[39m","level":"info"}
{"message":"\u001b[33mThe app is running on port 3000\u001b[39m","level":"info"}
