{"level":"error"}
{"level":"error"}
{"level":"error"}
{"level":"error"}
{"level":"error"}
{"level":"error"}
{"level":"error"}
{"level":"error"}
{"level":"error"}
{"level":"error"}
{"level":"error"}
{"message":"\u001b[31mMongoDB failed to connect MongooseError: The `uri` parameter to `openUri()` must be a string, got \"undefined\". Make sure the first parameter to `mongoose.connect()` or `mongoose.createConnection()` is a string.\u001b[39m","level":"error"}
{"message":"\u001b[31mMongoDB failed to connect MongooseError: The `uri` parameter to `openUri()` must be a string, got \"undefined\". Make sure the first parameter to `mongoose.connect()` or `mongoose.createConnection()` is a string.\u001b[39m","level":"error"}
{"message":"\u001b[31mMongoDB failed to connect MongooseError: The `uri` parameter to `openUri()` must be a string, got \"undefined\". Make sure the first parameter to `mongoose.connect()` or `mongoose.createConnection()` is a string.\u001b[39m","level":"error"}
{"message":"\u001b[31mMongoDB failed to connect MongooseError: The `uri` parameter to `openUri()` must be a string, got \"undefined\". Make sure the first parameter to `mongoose.connect()` or `mongoose.createConnection()` is a string.\u001b[39m","level":"error"}
{"message":"\u001b[31mMongoDB failed to connect MongooseServerSelectionError: Could not connect to any servers in your MongoDB Atlas cluster. One common reason is that you're trying to access the database from an IP that isn't whitelisted. Make sure your current IP address is on your Atlas cluster's IP whitelist: https://docs.atlas.mongodb.com/security-whitelist/\u001b[39m","level":"error"}
{"message":"\u001b[31mMongoDB failed to connect Error: queryTxt ESERVFAIL cluster0.9iaqd.mongodb.net\u001b[39m","level":"error"}
{"message":"\u001b[31mMongoDB failed to connect Error: queryTxt ESERVFAIL cluster0.9iaqd.mongodb.net\u001b[39m","level":"error"}
{"message":"\u001b[31mMongoDB failed to connect Error: querySrv ESERVFAIL _mongodb._tcp.cluster0.9iaqd.mongodb.net\u001b[39m","level":"error"}
{"message":"body is not defined","level":"error"}
{"message":"Operation `users.findOne()` buffering timed out after 10000ms","level":"error"}
{"message":"user.comparePasswords is not a function","level":"error"}
{"message":"WriteConflict","level":"error"}
{"message":"WriteConflict","level":"error"}
{"message":"WriteConflict","level":"error"}
{"message":"Illegal arguments: undefined, string","level":"error"}
{"message":"WriteConflict","level":"error"}
{"message":"config is not defined","level":"error"}
{"message":"Cannot access 'courses' before initialization","level":"error"}
{"message":"Converting circular structure to JSON\n    --> starting at object with constructor 'NativeTopology'\n    |     property 's' -> object with constructor 'Object'\n    |     property 'sessionPool' -> object with constructor 'ServerSessionPool'\n    --- property 'topology' closes the circle","level":"error"}
{"message":"Converting circular structure to JSON\n    --> starting at object with constructor 'NativeConnection'\n    |     property 'base' -> object with constructor 'Mongoose'\n    |     property 'connections' -> object with constructor 'Array'\n    --- index 0 closes the circle","level":"error"}
{"message":"Converting circular structure to JSON\n    --> starting at object with constructor 'NativeTopology'\n    |     property 's' -> object with constructor 'Object'\n    |     property 'sessionPool' -> object with constructor 'ServerSessionPool'\n    --- property 'topology' closes the circle","level":"error"}
{"message":"data is not defined","level":"error"}
{"message":"advancedResults.filter(...).paginate(...).select is not a function","level":"error"}
{"message":"Cannot read property 'includes' of undefined","level":"error"}
{"message":"Cannot read property 'includes' of undefined","level":"error"}
{"message":"Cannot read property 'includes' of undefined","level":"error"}
{"message":"Cannot read property 'includes' of undefined","level":"error"}
{"message":"Cannot read property 'map' of undefined","level":"error"}
{"message":"advancedResults.filter(...).paginate(...).select is not a function","level":"error"}
{"message":"advancedResults.filter(...).paginate(...).select is not a function","level":"error"}
{"message":"AppError is not defined","level":"error"}
{"message":"AppError is not defined","level":"error"}
{"message":"path is not defined","level":"error"}
{"message":"path is not defined","level":"error"}
{"message":"Error: ENOENT: no such file or directory, open 'C:\\Users\\Omar\\Documents\\Projects\\sspian-api\\undefined\\photo_60060f49e718fb3434e82d6b.jpg'","level":"error"}
{"message":"Error: ENOENT: no such file or directory, open 'C:\\public\\uploads\\photo_60060f49e718fb3434e82d6b.jpg'","level":"error"}
{"message":"res is not defined","level":"error"}
{"message":"Can't use $pullAll","level":"error"}
